<?xml version="1.0" encoding="UTF-8"?>
<!-- Generated by org.testng.reporters.JUnitXMLReporter -->
<testsuite hostname="G1C2ML18294" ignored="0" name="Default test" tests="3" failures="0" timestamp="28 Jan 2018 13:29:29 GMT" time="0.054" errors="0">
  <testcase name="@BeforeSuite beforeClass" time="0.0" classname="com.mindtree.kalinga.EasyBucks.base.BaseClass">
    <failure type="org.testng.TestNGException" message="
Parameter &amp;apos;browser&amp;apos; is required by BeforeSuite on method beforeClass but has not been marked @Optional or defined
in C:\Users\M1043164\AppData\Local\Temp\testng-eclipse-1821805735\testng-customsuite.xml">
      <![CDATA[org.testng.TestNGException: Parameter 'browser' is required by BeforeSuite on method beforeClass but has not been marked @Optional or definedin C:\Users\M1043164\AppData\Local\Temp\testng-eclipse-1821805735\testng-customsuite.xmlat org.testng.internal.Parameters.createParams(Parameters.java:290)at org.testng.internal.Parameters.createParametersForMethod(Parameters.java:359)at org.testng.internal.Parameters.createParameters(Parameters.java:620)at org.testng.internal.Parameters.createConfigurationParameters(Parameters.java:190)at org.testng.internal.Invoker.invokeConfigurations(Invoker.java:209)at org.testng.internal.Invoker.invokeConfigurations(Invoker.java:142)at org.testng.SuiteRunner.privateRun(SuiteRunner.java:401)at org.testng.SuiteRunner.run(SuiteRunner.java:364)at org.testng.SuiteRunnerWorker.runSuite(SuiteRunnerWorker.java:52)at org.testng.SuiteRunnerWorker.run(SuiteRunnerWorker.java:84)at org.testng.TestNG.runSuitesSequentially(TestNG.java:1187)at org.testng.TestNG.runSuitesLocally(TestNG.java:1116)at org.testng.TestNG.runSuites(TestNG.java:1028)at org.testng.TestNG.run(TestNG.java:996)at org.testng.remote.AbstractRemoteTestNG.run(AbstractRemoteTestNG.java:114)at org.testng.remote.RemoteTestNG.initAndRun(RemoteTestNG.java:251)at org.testng.remote.RemoteTestNG.main(RemoteTestNG.java:77)]]>
    </failure>
  </testcase> <!-- @BeforeSuite beforeClass -->
  <testcase name="@BeforeMethod bmethod" time="0.0" classname="com.mindtree.kalinga.EasyBucks.base.BaseClass">
    <skipped/>
  </testcase> <!-- @BeforeMethod bmethod -->
  <testcase name="@AfterMethod tearDown" time="0.0" classname="com.mindtree.kalinga.EasyBucks.base.BaseClass">
    <skipped/>
  </testcase> <!-- @AfterMethod tearDown -->
  <testcase name="@BeforeMethod bmethod" time="0.0" classname="com.mindtree.kalinga.EasyBucks.base.BaseClass">
    <skipped/>
  </testcase> <!-- @BeforeMethod bmethod -->
  <testcase name="@AfterMethod tearDown" time="0.0" classname="com.mindtree.kalinga.EasyBucks.base.BaseClass">
    <skipped/>
  </testcase> <!-- @AfterMethod tearDown -->
  <testcase name="@BeforeMethod bmethod" time="0.0" classname="com.mindtree.kalinga.EasyBucks.base.BaseClass">
    <skipped/>
  </testcase> <!-- @BeforeMethod bmethod -->
  <testcase name="@AfterMethod tearDown" time="0.0" classname="com.mindtree.kalinga.EasyBucks.base.BaseClass">
    <skipped/>
  </testcase> <!-- @AfterMethod tearDown -->
  <testcase name="@AfterClass aclass" time="0.0" classname="com.mindtree.kalinga.EasyBucks.base.BaseClass">
    <skipped/>
  </testcase> <!-- @AfterClass aclass -->
  <testcase name="test1" time="0.0" classname="com.mindtree.kalinga.EasyBucks.test.EasyBucks.EndToEnd">
    <skipped/>
  </testcase> <!-- test1 -->
  <testcase name="test2" time="0.0" classname="com.mindtree.kalinga.EasyBucks.test.EasyBucks.EndToEnd">
    <skipped/>
  </testcase> <!-- test2 -->
  <testcase name="test3" time="0.0" classname="com.mindtree.kalinga.EasyBucks.test.EasyBucks.EndToEnd">
    <skipped/>
  </testcase> <!-- test3 -->
</testsuite> <!-- Default test -->
