<?xml version="1.0" encoding="UTF-8"?>
<!-- Generated by org.testng.reporters.JUnitXMLReporter -->
<testsuite hostname="sarath" ignored="0" name="Test" tests="3" failures="1" timestamp="03 Jun 2018 14:37:14 GMT" time="43.183" errors="0">
  <testcase name="test1" time="0.01" classname="com.mindtree.kalinga.EasyBucks.test.EasyBucks.LoginTest"/>
  <testcase name="test2" time="0.001" classname="com.mindtree.kalinga.EasyBucks.test.EasyBucks.LoginTest">
    <skipped/>
  </testcase> <!-- test2 -->
  <testcase name="test3" time="0.001" classname="com.mindtree.kalinga.EasyBucks.test.EasyBucks.LoginTest">
    <failure type="java.lang.AssertionError" message="expected [true] but found [false]">
      <![CDATA[java.lang.AssertionError: expected [true] but found [false]
at com.mindtree.kalinga.EasyBucks.test.EasyBucks.LoginTest.test3(LoginTest.java:56)
... Removed 29 stack frames]]>
    </failure>
  </testcase> <!-- test3 -->
</testsuite> <!-- Test -->
